2023-07-09 00:11:12.985  INFO 16720 --- [main] c.e.s.SpringbootTestApplication          : Starting SpringbootTestApplication using Java 1.8.0_212 on DESKTOP-6C7DB78 with PID 16720 (F:\Developer\java教程\JavaEE\Springboot\SpringbootTest\target\classes started by JayHsu in F:\Developer\java教程\JavaEE\Springboot\SpringbootTest)
2023-07-09 00:11:12.987  INFO 16720 --- [main] c.e.s.SpringbootTestApplication          : No active profile set, falling back to default profiles: default
2023-07-09 00:11:13.649  INFO 16720 --- [main] o.s.b.w.embedded.tomcat.TomcatWebServer  : Tomcat initialized with port(s): 8080 (http)
2023-07-09 00:11:13.655  INFO 16720 --- [main] o.apache.catalina.core.StandardService   : Starting service [Tomcat]
2023-07-09 00:11:13.656  INFO 16720 --- [main] org.apache.catalina.core.StandardEngine  : Starting Servlet engine: [Apache Tomcat/9.0.56]
2023-07-09 00:11:13.702  INFO 16720 --- [main] o.a.c.c.C.[Tomcat].[localhost].[/]       : Initializing Spring embedded WebApplicationContext
2023-07-09 00:11:13.702  INFO 16720 --- [main] w.s.c.ServletWebServerApplicationContext : Root WebApplicationContext: initialization completed in 686 ms
2023-07-09 00:11:13.949  INFO 16720 --- [main] o.s.b.a.w.s.WelcomePageHandlerMapping    : Adding welcome page template: index
2023-07-09 00:11:14.127  INFO 16720 --- [main] o.s.s.web.DefaultSecurityFilterChain     : Will secure any request with [org.springframework.security.web.context.request.async.WebAsyncManagerIntegrationFilter@66273da0, org.springframework.security.web.context.SecurityContextPersistenceFilter@673919a7, org.springframework.security.web.header.HeaderWriterFilter@5300cac, org.springframework.security.web.csrf.CsrfFilter@51288417, org.springframework.security.web.authentication.logout.LogoutFilter@6f49d153, org.springframework.security.web.authentication.UsernamePasswordAuthenticationFilter@22a736d7, org.springframework.security.web.savedrequest.RequestCacheAwareFilter@2436ea2f, org.springframework.security.web.servletapi.SecurityContextHolderAwareRequestFilter@2e8a1ab4, org.springframework.security.web.authentication.rememberme.RememberMeAuthenticationFilter@4649d70a, org.springframework.security.web.authentication.AnonymousAuthenticationFilter@2127e66e, org.springframework.security.web.session.SessionManagementFilter@1ba359bd, org.springframework.security.web.access.ExceptionTranslationFilter@644ded04, org.springframework.security.web.access.intercept.FilterSecurityInterceptor@76563d26]
2023-07-09 00:11:14.165  INFO 16720 --- [main] o.s.b.w.embedded.tomcat.TomcatWebServer  : Tomcat started on port(s): 8080 (http) with context path ''
2023-07-09 00:11:14.173  INFO 16720 --- [main] c.e.s.SpringbootTestApplication          : Started SpringbootTestApplication in 1.537 seconds (JVM running for 2.046)
2023-07-09 00:11:43.289  INFO 16720 --- [http-nio-8080-exec-1] o.a.c.c.C.[Tomcat].[localhost].[/]       : Initializing Spring DispatcherServlet 'dispatcherServlet'
2023-07-09 00:11:43.290  INFO 16720 --- [http-nio-8080-exec-1] o.s.web.servlet.DispatcherServlet        : Initializing Servlet 'dispatcherServlet'
2023-07-09 00:11:43.290  INFO 16720 --- [http-nio-8080-exec-1] o.s.web.servlet.DispatcherServlet        : Completed initialization in 0 ms
2023-07-09 00:11:43.305  INFO 16720 --- [http-nio-8080-exec-1] com.zaxxer.hikari.HikariDataSource       : HikariPool-1 - Starting...
2023-07-09 00:11:43.802  INFO 16720 --- [http-nio-8080-exec-1] com.zaxxer.hikari.HikariDataSource       : HikariPool-1 - Start completed.
2023-07-09 00:19:21.323  INFO 16720 --- [SpringApplicationShutdownHook] com.zaxxer.hikari.HikariDataSource       : HikariPool-1 - Shutdown initiated...
2023-07-09 00:19:21.328  INFO 16720 --- [SpringApplicationShutdownHook] com.zaxxer.hikari.HikariDataSource       : HikariPool-1 - Shutdown completed.
2023-07-09 00:19:26.077  INFO 18520 --- [main] c.e.s.SpringbootTestApplication          : Starting SpringbootTestApplication using Java 1.8.0_212 on DESKTOP-6C7DB78 with PID 18520 (F:\Developer\java教程\JavaEE\Springboot\SpringbootTest\target\classes started by JayHsu in F:\Developer\java教程\JavaEE\Springboot\SpringbootTest)
2023-07-09 00:19:26.079  INFO 18520 --- [main] c.e.s.SpringbootTestApplication          : No active profile set, falling back to default profiles: default
2023-07-09 00:19:26.790  INFO 18520 --- [main] o.s.b.w.embedded.tomcat.TomcatWebServer  : Tomcat initialized with port(s): 8080 (http)
2023-07-09 00:19:26.796  INFO 18520 --- [main] o.apache.catalina.core.StandardService   : Starting service [Tomcat]
2023-07-09 00:19:26.797  INFO 18520 --- [main] org.apache.catalina.core.StandardEngine  : Starting Servlet engine: [Apache Tomcat/9.0.56]
2023-07-09 00:19:26.846  INFO 18520 --- [main] o.a.c.c.C.[Tomcat].[localhost].[/]       : Initializing Spring embedded WebApplicationContext
2023-07-09 00:19:26.846  INFO 18520 --- [main] w.s.c.ServletWebServerApplicationContext : Root WebApplicationContext: initialization completed in 733 ms
2023-07-09 00:19:27.096  INFO 18520 --- [main] o.s.b.a.w.s.WelcomePageHandlerMapping    : Adding welcome page template: index
2023-07-09 00:19:27.276  INFO 18520 --- [main] o.s.s.web.DefaultSecurityFilterChain     : Will secure any request with [org.springframework.security.web.context.request.async.WebAsyncManagerIntegrationFilter@1229a2b7, org.springframework.security.web.context.SecurityContextPersistenceFilter@2436ea2f, org.springframework.security.web.header.HeaderWriterFilter@1ba359bd, org.springframework.security.web.csrf.CsrfFilter@1e0895f5, org.springframework.security.web.authentication.logout.LogoutFilter@7e7f0216, org.springframework.security.web.authentication.UsernamePasswordAuthenticationFilter@7f353d99, org.springframework.security.web.savedrequest.RequestCacheAwareFilter@20cece0b, org.springframework.security.web.servletapi.SecurityContextHolderAwareRequestFilter@1aabf50d, org.springframework.security.web.authentication.rememberme.RememberMeAuthenticationFilter@38d17d80, org.springframework.security.web.authentication.AnonymousAuthenticationFilter@e5cbff2, org.springframework.security.web.session.SessionManagementFilter@673919a7, org.springframework.security.web.access.ExceptionTranslationFilter@13d9261f, org.springframework.security.web.access.intercept.FilterSecurityInterceptor@3d904e9c]
2023-07-09 00:19:27.313  INFO 18520 --- [main] o.s.b.w.embedded.tomcat.TomcatWebServer  : Tomcat started on port(s): 8080 (http) with context path ''
2023-07-09 00:19:27.321  INFO 18520 --- [main] c.e.s.SpringbootTestApplication          : Started SpringbootTestApplication in 1.608 seconds (JVM running for 2.13)
2023-07-09 00:19:31.340  INFO 18520 --- [http-nio-8080-exec-1] o.a.c.c.C.[Tomcat].[localhost].[/]       : Initializing Spring DispatcherServlet 'dispatcherServlet'
2023-07-09 00:19:31.341  INFO 18520 --- [http-nio-8080-exec-1] o.s.web.servlet.DispatcherServlet        : Initializing Servlet 'dispatcherServlet'
2023-07-09 00:19:31.343  INFO 18520 --- [http-nio-8080-exec-1] o.s.web.servlet.DispatcherServlet        : Completed initialization in 2 ms
2023-07-09 00:19:31.361  INFO 18520 --- [http-nio-8080-exec-1] com.zaxxer.hikari.HikariDataSource       : HikariPool-1 - Starting...
2023-07-09 00:19:31.902  INFO 18520 --- [http-nio-8080-exec-1] com.zaxxer.hikari.HikariDataSource       : HikariPool-1 - Start completed.
2023-07-09 00:19:39.232  INFO 18520 --- [http-nio-8080-exec-5] c.e.s.controller.MainController          : 有人访问了页面！
2023-07-09 00:21:20.114  INFO 18520 --- [SpringApplicationShutdownHook] com.zaxxer.hikari.HikariDataSource       : HikariPool-1 - Shutdown initiated...
2023-07-09 00:21:20.120  INFO 18520 --- [SpringApplicationShutdownHook] com.zaxxer.hikari.HikariDataSource       : HikariPool-1 - Shutdown completed.
2023-07-09 00:21:21.987  INFO 18988 --- [main] c.e.s.SpringbootTestApplication          : Starting SpringbootTestApplication using Java 1.8.0_212 on DESKTOP-6C7DB78 with PID 18988 (F:\Developer\java教程\JavaEE\Springboot\SpringbootTest\target\classes started by JayHsu in F:\Developer\java教程\JavaEE\Springboot\SpringbootTest)
2023-07-09 00:21:21.988  INFO 18988 --- [main] c.e.s.SpringbootTestApplication          : No active profile set, falling back to default profiles: default
2023-07-09 00:21:22.644  INFO 18988 --- [main] o.s.b.w.embedded.tomcat.TomcatWebServer  : Tomcat initialized with port(s): 8080 (http)
2023-07-09 00:21:22.649  INFO 18988 --- [main] o.apache.catalina.core.StandardService   : Starting service [Tomcat]
2023-07-09 00:21:22.650  INFO 18988 --- [main] org.apache.catalina.core.StandardEngine  : Starting Servlet engine: [Apache Tomcat/9.0.56]
2023-07-09 00:21:22.695  INFO 18988 --- [main] o.a.c.c.C.[Tomcat].[localhost].[/]       : Initializing Spring embedded WebApplicationContext
2023-07-09 00:21:22.695  INFO 18988 --- [main] w.s.c.ServletWebServerApplicationContext : Root WebApplicationContext: initialization completed in 676 ms
2023-07-09 00:21:22.942  INFO 18988 --- [main] o.s.b.a.w.s.WelcomePageHandlerMapping    : Adding welcome page template: index
2023-07-09 00:21:23.119  INFO 18988 --- [main] o.s.s.web.DefaultSecurityFilterChain     : Will secure any request with [org.springframework.security.web.context.request.async.WebAsyncManagerIntegrationFilter@66273da0, org.springframework.security.web.context.SecurityContextPersistenceFilter@673919a7, org.springframework.security.web.header.HeaderWriterFilter@5300cac, org.springframework.security.web.csrf.CsrfFilter@51288417, org.springframework.security.web.authentication.logout.LogoutFilter@6f49d153, org.springframework.security.web.authentication.UsernamePasswordAuthenticationFilter@22a736d7, org.springframework.security.web.savedrequest.RequestCacheAwareFilter@2436ea2f, org.springframework.security.web.servletapi.SecurityContextHolderAwareRequestFilter@2e8a1ab4, org.springframework.security.web.authentication.rememberme.RememberMeAuthenticationFilter@4649d70a, org.springframework.security.web.authentication.AnonymousAuthenticationFilter@2127e66e, org.springframework.security.web.session.SessionManagementFilter@1ba359bd, org.springframework.security.web.access.ExceptionTranslationFilter@644ded04, org.springframework.security.web.access.intercept.FilterSecurityInterceptor@76563d26]
2023-07-09 00:21:23.156  INFO 18988 --- [main] o.s.b.w.embedded.tomcat.TomcatWebServer  : Tomcat started on port(s): 8080 (http) with context path ''
2023-07-09 00:21:23.164  INFO 18988 --- [main] c.e.s.SpringbootTestApplication          : Started SpringbootTestApplication in 1.533 seconds (JVM running for 2.053)
2023-07-09 00:21:26.327  INFO 18988 --- [http-nio-8080-exec-1] o.a.c.c.C.[Tomcat].[localhost].[/]       : Initializing Spring DispatcherServlet 'dispatcherServlet'
2023-07-09 00:21:26.328  INFO 18988 --- [http-nio-8080-exec-1] o.s.web.servlet.DispatcherServlet        : Initializing Servlet 'dispatcherServlet'
2023-07-09 00:21:26.328  INFO 18988 --- [http-nio-8080-exec-1] o.s.web.servlet.DispatcherServlet        : Completed initialization in 0 ms
2023-07-09 00:21:26.342  INFO 18988 --- [http-nio-8080-exec-1] com.zaxxer.hikari.HikariDataSource       : HikariPool-1 - Starting...
2023-07-09 00:21:26.796  INFO 18988 --- [http-nio-8080-exec-1] com.zaxxer.hikari.HikariDataSource       : HikariPool-1 - Start completed.
2023-07-09 00:21:30.211  INFO 18988 --- [http-nio-8080-exec-6] c.e.s.controller.MainController          : 有人访问了页面！
2023-07-09 00:21:42.035  INFO 18988 --- [SpringApplicationShutdownHook] com.zaxxer.hikari.HikariDataSource       : HikariPool-1 - Shutdown initiated...
2023-07-09 00:21:42.040  INFO 18988 --- [SpringApplicationShutdownHook] com.zaxxer.hikari.HikariDataSource       : HikariPool-1 - Shutdown completed.
2023-07-09 00:21:43.952  INFO 3316 --- [main] c.e.s.SpringbootTestApplication          : Starting SpringbootTestApplication using Java 1.8.0_212 on DESKTOP-6C7DB78 with PID 3316 (F:\Developer\java教程\JavaEE\Springboot\SpringbootTest\target\classes started by JayHsu in F:\Developer\java教程\JavaEE\Springboot\SpringbootTest)
2023-07-09 00:21:43.954  INFO 3316 --- [main] c.e.s.SpringbootTestApplication          : No active profile set, falling back to default profiles: default
2023-07-09 00:21:44.618  INFO 3316 --- [main] o.s.b.w.embedded.tomcat.TomcatWebServer  : Tomcat initialized with port(s): 8080 (http)
2023-07-09 00:21:44.623  INFO 3316 --- [main] o.apache.catalina.core.StandardService   : Starting service [Tomcat]
2023-07-09 00:21:44.624  INFO 3316 --- [main] org.apache.catalina.core.StandardEngine  : Starting Servlet engine: [Apache Tomcat/9.0.56]
2023-07-09 00:21:44.669  INFO 3316 --- [main] o.a.c.c.C.[Tomcat].[localhost].[/]       : Initializing Spring embedded WebApplicationContext
2023-07-09 00:21:44.669  INFO 3316 --- [main] w.s.c.ServletWebServerApplicationContext : Root WebApplicationContext: initialization completed in 688 ms
2023-07-09 00:21:44.918  INFO 3316 --- [main] o.s.b.a.w.s.WelcomePageHandlerMapping    : Adding welcome page template: index
2023-07-09 00:21:45.096  INFO 3316 --- [main] o.s.s.web.DefaultSecurityFilterChain     : Will secure any request with [org.springframework.security.web.context.request.async.WebAsyncManagerIntegrationFilter@66273da0, org.springframework.security.web.context.SecurityContextPersistenceFilter@673919a7, org.springframework.security.web.header.HeaderWriterFilter@5300cac, org.springframework.security.web.csrf.CsrfFilter@51288417, org.springframework.security.web.authentication.logout.LogoutFilter@6f49d153, org.springframework.security.web.authentication.UsernamePasswordAuthenticationFilter@22a736d7, org.springframework.security.web.savedrequest.RequestCacheAwareFilter@2436ea2f, org.springframework.security.web.servletapi.SecurityContextHolderAwareRequestFilter@2e8a1ab4, org.springframework.security.web.authentication.rememberme.RememberMeAuthenticationFilter@4649d70a, org.springframework.security.web.authentication.AnonymousAuthenticationFilter@2127e66e, org.springframework.security.web.session.SessionManagementFilter@1ba359bd, org.springframework.security.web.access.ExceptionTranslationFilter@644ded04, org.springframework.security.web.access.intercept.FilterSecurityInterceptor@76563d26]
2023-07-09 00:21:45.136  INFO 3316 --- [main] o.s.b.w.embedded.tomcat.TomcatWebServer  : Tomcat started on port(s): 8080 (http) with context path ''
2023-07-09 00:21:45.144  INFO 3316 --- [main] c.e.s.SpringbootTestApplication          : Started SpringbootTestApplication in 1.538 seconds (JVM running for 2.066)
2023-07-09 00:21:47.191  INFO 3316 --- [http-nio-8080-exec-1] o.a.c.c.C.[Tomcat].[localhost].[/]       : Initializing Spring DispatcherServlet 'dispatcherServlet'
2023-07-09 00:21:47.191  INFO 3316 --- [http-nio-8080-exec-1] o.s.web.servlet.DispatcherServlet        : Initializing Servlet 'dispatcherServlet'
2023-07-09 00:21:47.192  INFO 3316 --- [http-nio-8080-exec-1] o.s.web.servlet.DispatcherServlet        : Completed initialization in 1 ms
2023-07-09 00:21:47.206  INFO 3316 --- [http-nio-8080-exec-1] com.zaxxer.hikari.HikariDataSource       : HikariPool-1 - Starting...
2023-07-09 00:21:47.709  INFO 3316 --- [http-nio-8080-exec-1] com.zaxxer.hikari.HikariDataSource       : HikariPool-1 - Start completed.
2023-07-09 00:21:48.058  INFO 3316 --- [http-nio-8080-exec-1] c.e.s.controller.MainController          : 有人访问了页面！
2023-07-09 00:28:35.275  INFO 3316 --- [SpringApplicationShutdownHook] com.zaxxer.hikari.HikariDataSource       : HikariPool-1 - Shutdown initiated...
2023-07-09 00:28:35.280  INFO 3316 --- [SpringApplicationShutdownHook] com.zaxxer.hikari.HikariDataSource       : HikariPool-1 - Shutdown completed.
2023-07-09 00:28:37.491  INFO 20000 --- [main] c.e.s.SpringbootTestApplication          : Starting SpringbootTestApplication using Java 1.8.0_212 on DESKTOP-6C7DB78 with PID 20000 (F:\Developer\java教程\JavaEE\Springboot\SpringbootTest\target\classes started by JayHsu in F:\Developer\java教程\JavaEE\Springboot\SpringbootTest)
2023-07-09 00:28:37.493  INFO 20000 --- [main] c.e.s.SpringbootTestApplication          : No active profile set, falling back to default profiles: default
2023-07-09 00:28:38.182  INFO 20000 --- [main] o.s.b.w.embedded.tomcat.TomcatWebServer  : Tomcat initialized with port(s): 8080 (http)
2023-07-09 00:28:38.188  INFO 20000 --- [main] o.apache.catalina.core.StandardService   : Starting service [Tomcat]
2023-07-09 00:28:38.188  INFO 20000 --- [main] org.apache.catalina.core.StandardEngine  : Starting Servlet engine: [Apache Tomcat/9.0.56]
2023-07-09 00:28:38.234  INFO 20000 --- [main] o.a.c.c.C.[Tomcat].[localhost].[/]       : Initializing Spring embedded WebApplicationContext
2023-07-09 00:28:38.235  INFO 20000 --- [main] w.s.c.ServletWebServerApplicationContext : Root WebApplicationContext: initialization completed in 708 ms
2023-07-09 00:28:38.495  INFO 20000 --- [main] o.s.b.a.w.s.WelcomePageHandlerMapping    : Adding welcome page template: index
2023-07-09 00:28:38.681  INFO 20000 --- [main] o.s.s.web.DefaultSecurityFilterChain     : Will secure any request with [org.springframework.security.web.context.request.async.WebAsyncManagerIntegrationFilter@4649d70a, org.springframework.security.web.context.SecurityContextPersistenceFilter@5300cac, org.springframework.security.web.header.HeaderWriterFilter@644ded04, org.springframework.security.web.csrf.CsrfFilter@472a11ae, org.springframework.security.web.authentication.logout.LogoutFilter@53ec2968, org.springframework.security.web.authentication.UsernamePasswordAuthenticationFilter@508a65bf, org.springframework.security.web.savedrequest.RequestCacheAwareFilter@1ba359bd, org.springframework.security.web.servletapi.SecurityContextHolderAwareRequestFilter@20cece0b, org.springframework.security.web.authentication.rememberme.RememberMeAuthenticationFilter@210308d5, org.springframework.security.web.authentication.AnonymousAuthenticationFilter@5d43409a, org.springframework.security.web.session.SessionManagementFilter@13d9261f, org.springframework.security.web.access.ExceptionTranslationFilter@33899f7a, org.springframework.security.web.access.intercept.FilterSecurityInterceptor@261ea657]
2023-07-09 00:28:38.722  INFO 20000 --- [main] o.s.b.w.embedded.tomcat.TomcatWebServer  : Tomcat started on port(s): 8080 (http) with context path ''
2023-07-09 00:28:38.729  INFO 20000 --- [main] c.e.s.SpringbootTestApplication          : Started SpringbootTestApplication in 1.619 seconds (JVM running for 2.287)
2023-07-09 00:28:42.896  INFO 20000 --- [http-nio-8080-exec-1] o.a.c.c.C.[Tomcat].[localhost].[/]       : Initializing Spring DispatcherServlet 'dispatcherServlet'
2023-07-09 00:28:42.897  INFO 20000 --- [http-nio-8080-exec-1] o.s.web.servlet.DispatcherServlet        : Initializing Servlet 'dispatcherServlet'
2023-07-09 00:28:42.897  INFO 20000 --- [http-nio-8080-exec-1] o.s.web.servlet.DispatcherServlet        : Completed initialization in 0 ms
2023-07-09 00:28:42.912  INFO 20000 --- [http-nio-8080-exec-1] com.zaxxer.hikari.HikariDataSource       : HikariPool-1 - Starting...
2023-07-09 00:28:43.423  INFO 20000 --- [http-nio-8080-exec-1] com.zaxxer.hikari.HikariDataSource       : HikariPool-1 - Start completed.
2023-07-09 00:28:43.654  INFO 20000 --- [http-nio-8080-exec-1] c.e.s.controller.MainController          : 有人访问了页面！
2023-07-09 00:29:15.193  INFO 20000 --- [SpringApplicationShutdownHook] com.zaxxer.hikari.HikariDataSource       : HikariPool-1 - Shutdown initiated...
2023-07-09 00:29:15.197  INFO 20000 --- [SpringApplicationShutdownHook] com.zaxxer.hikari.HikariDataSource       : HikariPool-1 - Shutdown completed.
2023-07-09 00:29:17.067  INFO 19832 --- [main] c.e.s.SpringbootTestApplication          : Starting SpringbootTestApplication using Java 1.8.0_212 on DESKTOP-6C7DB78 with PID 19832 (F:\Developer\java教程\JavaEE\Springboot\SpringbootTest\target\classes started by JayHsu in F:\Developer\java教程\JavaEE\Springboot\SpringbootTest)
2023-07-09 00:29:17.069  INFO 19832 --- [main] c.e.s.SpringbootTestApplication          : No active profile set, falling back to default profiles: default
2023-07-09 00:29:17.722  INFO 19832 --- [main] o.s.b.w.embedded.tomcat.TomcatWebServer  : Tomcat initialized with port(s): 8080 (http)
2023-07-09 00:29:17.728  INFO 19832 --- [main] o.apache.catalina.core.StandardService   : Starting service [Tomcat]
2023-07-09 00:29:17.728  INFO 19832 --- [main] org.apache.catalina.core.StandardEngine  : Starting Servlet engine: [Apache Tomcat/9.0.56]
2023-07-09 00:29:17.772  INFO 19832 --- [main] o.a.c.c.C.[Tomcat].[localhost].[/]       : Initializing Spring embedded WebApplicationContext
2023-07-09 00:29:17.772  INFO 19832 --- [main] w.s.c.ServletWebServerApplicationContext : Root WebApplicationContext: initialization completed in 676 ms
2023-07-09 00:29:18.023  INFO 19832 --- [main] o.s.b.a.w.s.WelcomePageHandlerMapping    : Adding welcome page template: index
2023-07-09 00:29:18.201  INFO 19832 --- [main] o.s.s.web.DefaultSecurityFilterChain     : Will secure any request with [org.springframework.security.web.context.request.async.WebAsyncManagerIntegrationFilter@66273da0, org.springframework.security.web.context.SecurityContextPersistenceFilter@673919a7, org.springframework.security.web.header.HeaderWriterFilter@5300cac, org.springframework.security.web.csrf.CsrfFilter@51288417, org.springframework.security.web.authentication.logout.LogoutFilter@6f49d153, org.springframework.security.web.authentication.UsernamePasswordAuthenticationFilter@22a736d7, org.springframework.security.web.savedrequest.RequestCacheAwareFilter@2436ea2f, org.springframework.security.web.servletapi.SecurityContextHolderAwareRequestFilter@2e8a1ab4, org.springframework.security.web.authentication.rememberme.RememberMeAuthenticationFilter@4649d70a, org.springframework.security.web.authentication.AnonymousAuthenticationFilter@2127e66e, org.springframework.security.web.session.SessionManagementFilter@1ba359bd, org.springframework.security.web.access.ExceptionTranslationFilter@644ded04, org.springframework.security.web.access.intercept.FilterSecurityInterceptor@76563d26]
2023-07-09 00:29:18.239  INFO 19832 --- [main] o.s.b.w.embedded.tomcat.TomcatWebServer  : Tomcat started on port(s): 8080 (http) with context path ''
2023-07-09 00:29:18.247  INFO 19832 --- [main] c.e.s.SpringbootTestApplication          : Started SpringbootTestApplication in 1.531 seconds (JVM running for 2.057)
2023-07-09 00:29:20.451  INFO 19832 --- [http-nio-8080-exec-1] o.a.c.c.C.[Tomcat].[localhost].[/]       : Initializing Spring DispatcherServlet 'dispatcherServlet'
2023-07-09 00:29:20.452  INFO 19832 --- [http-nio-8080-exec-1] o.s.web.servlet.DispatcherServlet        : Initializing Servlet 'dispatcherServlet'
2023-07-09 00:29:20.453  INFO 19832 --- [http-nio-8080-exec-1] o.s.web.servlet.DispatcherServlet        : Completed initialization in 1 ms
2023-07-09 00:29:20.469  INFO 19832 --- [http-nio-8080-exec-1] com.zaxxer.hikari.HikariDataSource       : HikariPool-1 - Starting...
2023-07-09 00:29:20.948  INFO 19832 --- [http-nio-8080-exec-1] com.zaxxer.hikari.HikariDataSource       : HikariPool-1 - Start completed.
2023-07-09 00:29:21.193  INFO 19832 --- [http-nio-8080-exec-1] c.e.s.controller.MainController          : 有人访问了页面！
2023-07-09 00:30:26.374  INFO 19832 --- [SpringApplicationShutdownHook] com.zaxxer.hikari.HikariDataSource       : HikariPool-1 - Shutdown initiated...
2023-07-09 00:30:26.380  INFO 19832 --- [SpringApplicationShutdownHook] com.zaxxer.hikari.HikariDataSource       : HikariPool-1 - Shutdown completed.
2023-07-09 00:30:28.216  INFO 15656 --- [main] c.e.s.SpringbootTestApplication          : Starting SpringbootTestApplication using Java 1.8.0_212 on DESKTOP-6C7DB78 with PID 15656 (F:\Developer\java教程\JavaEE\Springboot\SpringbootTest\target\classes started by JayHsu in F:\Developer\java教程\JavaEE\Springboot\SpringbootTest)
2023-07-09 00:30:28.218  INFO 15656 --- [main] c.e.s.SpringbootTestApplication          : No active profile set, falling back to default profiles: default
2023-07-09 00:30:28.901  INFO 15656 --- [main] o.s.b.w.embedded.tomcat.TomcatWebServer  : Tomcat initialized with port(s): 8080 (http)
2023-07-09 00:30:28.907  INFO 15656 --- [main] o.apache.catalina.core.StandardService   : Starting service [Tomcat]
2023-07-09 00:30:28.907  INFO 15656 --- [main] org.apache.catalina.core.StandardEngine  : Starting Servlet engine: [Apache Tomcat/9.0.56]
2023-07-09 00:30:28.954  INFO 15656 --- [main] o.a.c.c.C.[Tomcat].[localhost].[/]       : Initializing Spring embedded WebApplicationContext
2023-07-09 00:30:28.955  INFO 15656 --- [main] w.s.c.ServletWebServerApplicationContext : Root WebApplicationContext: initialization completed in 706 ms
2023-07-09 00:30:29.230  INFO 15656 --- [main] o.s.b.a.w.s.WelcomePageHandlerMapping    : Adding welcome page template: index
2023-07-09 00:30:29.433  INFO 15656 --- [main] o.s.s.web.DefaultSecurityFilterChain     : Will secure any request with [org.springframework.security.web.context.request.async.WebAsyncManagerIntegrationFilter@1229a2b7, org.springframework.security.web.context.SecurityContextPersistenceFilter@2436ea2f, org.springframework.security.web.header.HeaderWriterFilter@1ba359bd, org.springframework.security.web.csrf.CsrfFilter@1e0895f5, org.springframework.security.web.authentication.logout.LogoutFilter@7e7f0216, org.springframework.security.web.authentication.UsernamePasswordAuthenticationFilter@7f353d99, org.springframework.security.web.savedrequest.RequestCacheAwareFilter@20cece0b, org.springframework.security.web.servletapi.SecurityContextHolderAwareRequestFilter@1aabf50d, org.springframework.security.web.authentication.rememberme.RememberMeAuthenticationFilter@38d17d80, org.springframework.security.web.authentication.AnonymousAuthenticationFilter@e5cbff2, org.springframework.security.web.session.SessionManagementFilter@673919a7, org.springframework.security.web.access.ExceptionTranslationFilter@13d9261f, org.springframework.security.web.access.intercept.FilterSecurityInterceptor@3d904e9c]
2023-07-09 00:30:29.475  INFO 15656 --- [main] o.s.b.w.embedded.tomcat.TomcatWebServer  : Tomcat started on port(s): 8080 (http) with context path ''
2023-07-09 00:30:29.483  INFO 15656 --- [main] c.e.s.SpringbootTestApplication          : Started SpringbootTestApplication in 1.616 seconds (JVM running for 2.134)
2023-07-09 00:30:33.566  INFO 15656 --- [http-nio-8080-exec-1] o.a.c.c.C.[Tomcat].[localhost].[/]       : Initializing Spring DispatcherServlet 'dispatcherServlet'
2023-07-09 00:30:33.567  INFO 15656 --- [http-nio-8080-exec-1] o.s.web.servlet.DispatcherServlet        : Initializing Servlet 'dispatcherServlet'
2023-07-09 00:30:33.568  INFO 15656 --- [http-nio-8080-exec-1] o.s.web.servlet.DispatcherServlet        : Completed initialization in 1 ms
2023-07-09 00:30:33.582  INFO 15656 --- [http-nio-8080-exec-1] com.zaxxer.hikari.HikariDataSource       : HikariPool-1 - Starting...
2023-07-09 00:30:34.076  INFO 15656 --- [http-nio-8080-exec-1] com.zaxxer.hikari.HikariDataSource       : HikariPool-1 - Start completed.
2023-07-09 00:30:34.370  INFO 15656 --- [http-nio-8080-exec-1] c.e.s.controller.MainController          : 有人访问了页面！
2023-07-09 00:36:28.793  INFO 15656 --- [SpringApplicationShutdownHook] com.zaxxer.hikari.HikariDataSource       : HikariPool-1 - Shutdown initiated...
2023-07-09 00:36:28.801  INFO 15656 --- [SpringApplicationShutdownHook] com.zaxxer.hikari.HikariDataSource       : HikariPool-1 - Shutdown completed.
2023-07-09 00:36:31.247  INFO 17280 --- [main] c.e.s.SpringbootTestApplication          : Starting SpringbootTestApplication using Java 1.8.0_212 on DESKTOP-6C7DB78 with PID 17280 (F:\Developer\java教程\JavaEE\Springboot\SpringbootTest\target\classes started by JayHsu in F:\Developer\java教程\JavaEE\Springboot\SpringbootTest)
2023-07-09 00:36:31.250  INFO 17280 --- [main] c.e.s.SpringbootTestApplication          : No active profile set, falling back to default profiles: default
2023-07-09 00:36:32.067  INFO 17280 --- [main] o.s.b.w.embedded.tomcat.TomcatWebServer  : Tomcat initialized with port(s): 8080 (http)
2023-07-09 00:36:32.073  INFO 17280 --- [main] o.apache.catalina.core.StandardService   : Starting service [Tomcat]
2023-07-09 00:36:32.074  INFO 17280 --- [main] org.apache.catalina.core.StandardEngine  : Starting Servlet engine: [Apache Tomcat/9.0.56]
2023-07-09 00:36:32.123  INFO 17280 --- [main] o.a.c.c.C.[Tomcat].[localhost].[/]       : Initializing Spring embedded WebApplicationContext
2023-07-09 00:36:32.123  INFO 17280 --- [main] w.s.c.ServletWebServerApplicationContext : Root WebApplicationContext: initialization completed in 781 ms
2023-07-09 00:36:32.373  INFO 17280 --- [main] o.s.b.a.w.s.WelcomePageHandlerMapping    : Adding welcome page template: index
2023-07-09 00:36:32.551  INFO 17280 --- [main] o.s.s.web.DefaultSecurityFilterChain     : Will secure any request with [org.springframework.security.web.context.request.async.WebAsyncManagerIntegrationFilter@43045f9f, org.springframework.security.web.context.SecurityContextPersistenceFilter@7e7f0216, org.springframework.security.web.header.HeaderWriterFilter@7e19755a, org.springframework.security.web.csrf.CsrfFilter@673919a7, org.springframework.security.web.authentication.logout.LogoutFilter@7a729f84, org.springframework.security.web.authentication.UsernamePasswordAuthenticationFilter@558756be, org.springframework.security.web.savedrequest.RequestCacheAwareFilter@62db3891, org.springframework.security.web.servletapi.SecurityContextHolderAwareRequestFilter@1a4d1ab7, org.springframework.security.web.authentication.rememberme.RememberMeAuthenticationFilter@102ecc22, org.springframework.security.web.authentication.AnonymousAuthenticationFilter@2643d762, org.springframework.security.web.session.SessionManagementFilter@6f49d153, org.springframework.security.web.access.ExceptionTranslationFilter@64984b0f, org.springframework.security.web.access.intercept.FilterSecurityInterceptor@31ee2fdb]
2023-07-09 00:36:32.589  INFO 17280 --- [main] o.s.b.w.embedded.tomcat.TomcatWebServer  : Tomcat started on port(s): 8080 (http) with context path ''
2023-07-09 00:36:32.597  INFO 17280 --- [main] c.e.s.SpringbootTestApplication          : Started SpringbootTestApplication in 1.889 seconds (JVM running for 2.537)
2023-07-09 00:41:24.779  INFO 4876 --- [main] c.e.s.SpringbootTestApplication          : Starting SpringbootTestApplication using Java 1.8.0_212 on DESKTOP-6C7DB78 with PID 4876 (F:\Developer\java教程\JavaEE\Springboot\SpringbootTest\target\classes started by JayHsu in F:\Developer\java教程\JavaEE\Springboot\SpringbootTest)
2023-07-09 00:41:24.781  INFO 4876 --- [main] c.e.s.SpringbootTestApplication          : The following profiles are active: dev
2023-07-09 00:41:25.441  INFO 4876 --- [main] o.s.b.w.embedded.tomcat.TomcatWebServer  : Tomcat initialized with port(s): 8080 (http)
2023-07-09 00:41:25.446  INFO 4876 --- [main] o.apache.catalina.core.StandardService   : Starting service [Tomcat]
2023-07-09 00:41:25.447  INFO 4876 --- [main] org.apache.catalina.core.StandardEngine  : Starting Servlet engine: [Apache Tomcat/9.0.56]
2023-07-09 00:41:25.493  INFO 4876 --- [main] o.a.c.c.C.[Tomcat].[localhost].[/]       : Initializing Spring embedded WebApplicationContext
2023-07-09 00:41:25.494  INFO 4876 --- [main] w.s.c.ServletWebServerApplicationContext : Root WebApplicationContext: initialization completed in 683 ms
2023-07-09 00:41:25.730  INFO 4876 --- [main] o.s.b.a.w.s.WelcomePageHandlerMapping    : Adding welcome page template: index
2023-07-09 00:41:25.910  INFO 4876 --- [main] o.s.s.web.DefaultSecurityFilterChain     : Will secure any request with [org.springframework.security.web.context.request.async.WebAsyncManagerIntegrationFilter@80bfdc6, org.springframework.security.web.context.SecurityContextPersistenceFilter@767191b1, org.springframework.security.web.header.HeaderWriterFilter@8851ce1, org.springframework.security.web.csrf.CsrfFilter@35d5ac51, org.springframework.security.web.authentication.logout.LogoutFilter@48d293ee, org.springframework.security.web.authentication.UsernamePasswordAuthenticationFilter@5b852b49, org.springframework.security.web.savedrequest.RequestCacheAwareFilter@5d21202d, org.springframework.security.web.servletapi.SecurityContextHolderAwareRequestFilter@6a094db2, org.springframework.security.web.authentication.rememberme.RememberMeAuthenticationFilter@2f5ac102, org.springframework.security.web.authentication.AnonymousAuthenticationFilter@6edcad64, org.springframework.security.web.session.SessionManagementFilter@5ef6fd7f, org.springframework.security.web.access.ExceptionTranslationFilter@6a472566, org.springframework.security.web.access.intercept.FilterSecurityInterceptor@7a0e7ecd]
2023-07-09 00:41:25.948  INFO 4876 --- [main] o.s.b.w.embedded.tomcat.TomcatWebServer  : Tomcat started on port(s): 8080 (http) with context path ''
2023-07-09 00:41:25.955  INFO 4876 --- [main] c.e.s.SpringbootTestApplication          : Started SpringbootTestApplication in 1.555 seconds (JVM running for 2.061)
2023-07-09 00:41:34.207  INFO 16316 --- [main] c.e.s.SpringbootTestApplication          : Starting SpringbootTestApplication using Java 1.8.0_212 on DESKTOP-6C7DB78 with PID 16316 (F:\Developer\java教程\JavaEE\Springboot\SpringbootTest\target\classes started by JayHsu in F:\Developer\java教程\JavaEE\Springboot\SpringbootTest)
2023-07-09 00:41:34.208  INFO 16316 --- [main] c.e.s.SpringbootTestApplication          : The following profiles are active: prod
2023-07-09 00:41:34.873  INFO 16316 --- [main] o.s.b.w.embedded.tomcat.TomcatWebServer  : Tomcat initialized with port(s): 80 (http)
2023-07-09 00:41:34.879  INFO 16316 --- [main] o.apache.catalina.core.StandardService   : Starting service [Tomcat]
2023-07-09 00:41:34.879  INFO 16316 --- [main] org.apache.catalina.core.StandardEngine  : Starting Servlet engine: [Apache Tomcat/9.0.56]
2023-07-09 00:41:34.924  INFO 16316 --- [main] o.a.c.c.C.[Tomcat].[localhost].[/]       : Initializing Spring embedded WebApplicationContext
2023-07-09 00:41:34.925  INFO 16316 --- [main] w.s.c.ServletWebServerApplicationContext : Root WebApplicationContext: initialization completed in 686 ms
2023-07-09 00:41:35.164  INFO 16316 --- [main] o.s.b.a.w.s.WelcomePageHandlerMapping    : Adding welcome page template: index
2023-07-09 00:41:35.344  INFO 16316 --- [main] o.s.s.web.DefaultSecurityFilterChain     : Will secure any request with [org.springframework.security.web.context.request.async.WebAsyncManagerIntegrationFilter@895416d, org.springframework.security.web.context.SecurityContextPersistenceFilter@5ef6fd7f, org.springframework.security.web.header.HeaderWriterFilter@5e65afb6, org.springframework.security.web.csrf.CsrfFilter@60783105, org.springframework.security.web.authentication.logout.LogoutFilter@5e1d03d7, org.springframework.security.web.authentication.UsernamePasswordAuthenticationFilter@7aac8884, org.springframework.security.web.savedrequest.RequestCacheAwareFilter@767191b1, org.springframework.security.web.servletapi.SecurityContextHolderAwareRequestFilter@277bf091, org.springframework.security.web.authentication.rememberme.RememberMeAuthenticationFilter@cdb2d95, org.springframework.security.web.authentication.AnonymousAuthenticationFilter@71a06021, org.springframework.security.web.session.SessionManagementFilter@8851ce1, org.springframework.security.web.access.ExceptionTranslationFilter@5b9396d3, org.springframework.security.web.access.intercept.FilterSecurityInterceptor@255eaa6b]
2023-07-09 00:41:35.381  INFO 16316 --- [main] o.s.b.w.embedded.tomcat.TomcatWebServer  : Tomcat started on port(s): 80 (http) with context path ''
2023-07-09 00:41:35.388  INFO 16316 --- [main] c.e.s.SpringbootTestApplication          : Started SpringbootTestApplication in 1.598 seconds (JVM running for 2.101)
2023-07-09 00:46:29.696  INFO 20036 --- [main] c.e.s.SpringbootTestApplication          : Starting SpringbootTestApplication using Java 1.8.0_212 on DESKTOP-6C7DB78 with PID 20036 (F:\Developer\java教程\JavaEE\Springboot\SpringbootTest\target\classes started by JayHsu in F:\Developer\java教程\JavaEE\Springboot\SpringbootTest)
2023-07-09 00:46:29.699  INFO 20036 --- [main] c.e.s.SpringbootTestApplication          : The following profiles are active: prod
2023-07-09 00:46:30.438  INFO 20036 --- [main] o.s.b.w.embedded.tomcat.TomcatWebServer  : Tomcat initialized with port(s): 80 (http)
2023-07-09 00:46:30.444  INFO 20036 --- [main] o.apache.catalina.core.StandardService   : Starting service [Tomcat]
2023-07-09 00:46:30.444  INFO 20036 --- [main] org.apache.catalina.core.StandardEngine  : Starting Servlet engine: [Apache Tomcat/9.0.56]
2023-07-09 00:46:30.491  INFO 20036 --- [main] o.a.c.c.C.[Tomcat].[localhost].[/]       : Initializing Spring embedded WebApplicationContext
2023-07-09 00:46:30.491  INFO 20036 --- [main] w.s.c.ServletWebServerApplicationContext : Root WebApplicationContext: initialization completed in 745 ms
2023-07-09 00:46:30.732  INFO 20036 --- [main] o.s.b.a.w.s.WelcomePageHandlerMapping    : Adding welcome page template: index
2023-07-09 00:46:30.914  INFO 20036 --- [main] o.s.s.web.DefaultSecurityFilterChain     : Will secure any request with [org.springframework.security.web.context.request.async.WebAsyncManagerIntegrationFilter@2eae4349, org.springframework.security.web.context.SecurityContextPersistenceFilter@277bf091, org.springframework.security.web.header.HeaderWriterFilter@5d21202d, org.springframework.security.web.csrf.CsrfFilter@1e8ab90f, org.springframework.security.web.authentication.logout.LogoutFilter@1b1f5012, org.springframework.security.web.authentication.UsernamePasswordAuthenticationFilter@71a06021, org.springframework.security.web.savedrequest.RequestCacheAwareFilter@6a094db2, org.springframework.security.web.servletapi.SecurityContextHolderAwareRequestFilter@2f37f1f9, org.springframework.security.web.authentication.rememberme.RememberMeAuthenticationFilter@4c6007fb, org.springframework.security.web.authentication.AnonymousAuthenticationFilter@e84fb85, org.springframework.security.web.session.SessionManagementFilter@6eb17ec8, org.springframework.security.web.access.ExceptionTranslationFilter@5ef6fd7f, org.springframework.security.web.access.intercept.FilterSecurityInterceptor@a66e580]
2023-07-09 00:46:30.951  INFO 20036 --- [main] o.s.b.w.embedded.tomcat.TomcatWebServer  : Tomcat started on port(s): 80 (http) with context path ''
2023-07-09 00:46:30.958  INFO 20036 --- [main] c.e.s.SpringbootTestApplication          : Started SpringbootTestApplication in 1.914 seconds (JVM running for 2.579)
2023-07-09 00:47:28.885  INFO 18268 --- [main] c.e.s.SpringbootTestApplication          : Starting SpringbootTestApplication using Java 1.8.0_212 on DESKTOP-6C7DB78 with PID 18268 (F:\Developer\java教程\JavaEE\Springboot\SpringbootTest\target\classes started by JayHsu in F:\Developer\java教程\JavaEE\Springboot\SpringbootTest)
2023-07-09 00:47:28.886  INFO 18268 --- [main] c.e.s.SpringbootTestApplication          : The following profiles are active: prod
2023-07-09 00:47:29.538  INFO 18268 --- [main] o.s.b.w.embedded.tomcat.TomcatWebServer  : Tomcat initialized with port(s): 80 (http)
2023-07-09 00:47:29.544  INFO 18268 --- [main] o.apache.catalina.core.StandardService   : Starting service [Tomcat]
2023-07-09 00:47:29.544  INFO 18268 --- [main] org.apache.catalina.core.StandardEngine  : Starting Servlet engine: [Apache Tomcat/9.0.56]
2023-07-09 00:47:29.590  INFO 18268 --- [main] o.a.c.c.C.[Tomcat].[localhost].[/]       : Initializing Spring embedded WebApplicationContext
2023-07-09 00:47:29.590  INFO 18268 --- [main] w.s.c.ServletWebServerApplicationContext : Root WebApplicationContext: initialization completed in 676 ms
2023-07-09 00:47:29.831  INFO 18268 --- [main] o.s.b.a.w.s.WelcomePageHandlerMapping    : Adding welcome page template: index
2023-07-09 00:47:30.010  INFO 18268 --- [main] o.s.s.web.DefaultSecurityFilterChain     : Will secure any request with [org.springframework.security.web.context.request.async.WebAsyncManagerIntegrationFilter@646c0a67, org.springframework.security.web.context.SecurityContextPersistenceFilter@65bdd558, org.springframework.security.web.header.HeaderWriterFilter@730f9695, org.springframework.security.web.csrf.CsrfFilter@1e469dfd, org.springframework.security.web.authentication.logout.LogoutFilter@4760f169, org.springframework.security.web.authentication.UsernamePasswordAuthenticationFilter@4c6007fb, org.springframework.security.web.savedrequest.RequestCacheAwareFilter@4beaf6bd, org.springframework.security.web.servletapi.SecurityContextHolderAwareRequestFilter@587a1cfb, org.springframework.security.web.authentication.rememberme.RememberMeAuthenticationFilter@623dcf2a, org.springframework.security.web.authentication.AnonymousAuthenticationFilter@3804a9a8, org.springframework.security.web.session.SessionManagementFilter@fab35b1, org.springframework.security.web.access.ExceptionTranslationFilter@34d52ecd, org.springframework.security.web.access.intercept.FilterSecurityInterceptor@122d6c22]
2023-07-09 00:47:30.047  INFO 18268 --- [main] o.s.b.w.embedded.tomcat.TomcatWebServer  : Tomcat started on port(s): 80 (http) with context path ''
2023-07-09 00:47:30.054  INFO 18268 --- [main] c.e.s.SpringbootTestApplication          : Started SpringbootTestApplication in 1.539 seconds (JVM running for 2.048)
2023-07-09 00:47:38.723  INFO 20792 --- [main] c.e.s.SpringbootTestApplication          : Starting SpringbootTestApplication using Java 1.8.0_212 on DESKTOP-6C7DB78 with PID 20792 (F:\Developer\java教程\JavaEE\Springboot\SpringbootTest\target\classes started by JayHsu in F:\Developer\java教程\JavaEE\Springboot\SpringbootTest)
2023-07-09 00:47:38.725  INFO 20792 --- [main] c.e.s.SpringbootTestApplication          : The following profiles are active: dev
2023-07-09 00:47:39.385  INFO 20792 --- [main] o.s.b.w.embedded.tomcat.TomcatWebServer  : Tomcat initialized with port(s): 8080 (http)
2023-07-09 00:47:39.390  INFO 20792 --- [main] o.apache.catalina.core.StandardService   : Starting service [Tomcat]
2023-07-09 00:47:39.391  INFO 20792 --- [main] org.apache.catalina.core.StandardEngine  : Starting Servlet engine: [Apache Tomcat/9.0.56]
2023-07-09 00:47:39.435  INFO 20792 --- [main] o.a.c.c.C.[Tomcat].[localhost].[/]       : Initializing Spring embedded WebApplicationContext
2023-07-09 00:47:39.436  INFO 20792 --- [main] w.s.c.ServletWebServerApplicationContext : Root WebApplicationContext: initialization completed in 681 ms
2023-07-09 00:47:39.672  INFO 20792 --- [main] o.s.b.a.w.s.WelcomePageHandlerMapping    : Adding welcome page template: index
2023-07-09 00:47:39.853  INFO 20792 --- [main] o.s.s.web.DefaultSecurityFilterChain     : Will secure any request with [org.springframework.security.web.context.request.async.WebAsyncManagerIntegrationFilter@646c0a67, org.springframework.security.web.context.SecurityContextPersistenceFilter@65bdd558, org.springframework.security.web.header.HeaderWriterFilter@730f9695, org.springframework.security.web.csrf.CsrfFilter@1e469dfd, org.springframework.security.web.authentication.logout.LogoutFilter@4760f169, org.springframework.security.web.authentication.UsernamePasswordAuthenticationFilter@4c6007fb, org.springframework.security.web.savedrequest.RequestCacheAwareFilter@4beaf6bd, org.springframework.security.web.servletapi.SecurityContextHolderAwareRequestFilter@587a1cfb, org.springframework.security.web.authentication.rememberme.RememberMeAuthenticationFilter@623dcf2a, org.springframework.security.web.authentication.AnonymousAuthenticationFilter@3804a9a8, org.springframework.security.web.session.SessionManagementFilter@fab35b1, org.springframework.security.web.access.ExceptionTranslationFilter@34d52ecd, org.springframework.security.web.access.intercept.FilterSecurityInterceptor@122d6c22]
2023-07-09 00:47:39.889  INFO 20792 --- [main] o.s.b.w.embedded.tomcat.TomcatWebServer  : Tomcat started on port(s): 8080 (http) with context path ''
2023-07-09 00:47:39.897  INFO 20792 --- [main] c.e.s.SpringbootTestApplication          : Started SpringbootTestApplication in 1.541 seconds (JVM running for 2.054)
2023-07-09 00:48:06.626  INFO 17136 --- [main] c.e.s.SpringbootTestApplication          : Starting SpringbootTestApplication using Java 1.8.0_212 on DESKTOP-6C7DB78 with PID 17136 (F:\Developer\java教程\JavaEE\Springboot\SpringbootTest\target\classes started by JayHsu in F:\Developer\java教程\JavaEE\Springboot\SpringbootTest)
2023-07-09 00:48:06.628  INFO 17136 --- [main] c.e.s.SpringbootTestApplication          : The following profiles are active: prod
2023-07-09 00:48:07.296  INFO 17136 --- [main] o.s.b.w.embedded.tomcat.TomcatWebServer  : Tomcat initialized with port(s): 80 (http)
2023-07-09 00:48:07.301  INFO 17136 --- [main] o.apache.catalina.core.StandardService   : Starting service [Tomcat]
2023-07-09 00:48:07.301  INFO 17136 --- [main] org.apache.catalina.core.StandardEngine  : Starting Servlet engine: [Apache Tomcat/9.0.56]
2023-07-09 00:48:07.348  INFO 17136 --- [main] o.a.c.c.C.[Tomcat].[localhost].[/]       : Initializing Spring embedded WebApplicationContext
2023-07-09 00:48:07.348  INFO 17136 --- [main] w.s.c.ServletWebServerApplicationContext : Root WebApplicationContext: initialization completed in 686 ms
2023-07-09 00:48:07.588  INFO 17136 --- [main] o.s.b.a.w.s.WelcomePageHandlerMapping    : Adding welcome page template: index
2023-07-09 00:48:07.769  INFO 17136 --- [main] o.s.s.web.DefaultSecurityFilterChain     : Will secure any request with [org.springframework.security.web.context.request.async.WebAsyncManagerIntegrationFilter@7e74a380, org.springframework.security.web.context.SecurityContextPersistenceFilter@3374b5bc, org.springframework.security.web.header.HeaderWriterFilter@4beaf6bd, org.springframework.security.web.csrf.CsrfFilter@6a472566, org.springframework.security.web.authentication.logout.LogoutFilter@4ac86d6a, org.springframework.security.web.authentication.UsernamePasswordAuthenticationFilter@68a4dcc6, org.springframework.security.web.savedrequest.RequestCacheAwareFilter@587a1cfb, org.springframework.security.web.servletapi.SecurityContextHolderAwareRequestFilter@22587507, org.springframework.security.web.authentication.rememberme.RememberMeAuthenticationFilter@117525fe, org.springframework.security.web.authentication.AnonymousAuthenticationFilter@6dd1c3ed, org.springframework.security.web.session.SessionManagementFilter@60325987, org.springframework.security.web.access.ExceptionTranslationFilter@fab35b1, org.springframework.security.web.access.intercept.FilterSecurityInterceptor@6edcad64]
2023-07-09 00:48:07.807  INFO 17136 --- [main] o.s.b.w.embedded.tomcat.TomcatWebServer  : Tomcat started on port(s): 80 (http) with context path ''
2023-07-09 00:48:07.813  INFO 17136 --- [main] c.e.s.SpringbootTestApplication          : Started SpringbootTestApplication in 1.567 seconds (JVM running for 2.132)
2023-07-09 00:49:19.838  INFO 20916 --- [main] c.e.s.SpringbootTestApplication          : Starting SpringbootTestApplication using Java 1.8.0_212 on DESKTOP-6C7DB78 with PID 20916 (F:\Developer\java教程\JavaEE\Springboot\SpringbootTest\target\classes started by JayHsu in F:\Developer\java教程\JavaEE\Springboot\SpringbootTest)
2023-07-09 00:49:19.839  INFO 20916 --- [main] c.e.s.SpringbootTestApplication          : The following profiles are active: prod
2023-07-09 00:49:20.723  INFO 20916 --- [main] o.s.b.w.embedded.tomcat.TomcatWebServer  : Tomcat initialized with port(s): 80 (http)
2023-07-09 00:49:20.732  INFO 20916 --- [main] o.apache.catalina.core.StandardService   : Starting service [Tomcat]
2023-07-09 00:49:20.733  INFO 20916 --- [main] org.apache.catalina.core.StandardEngine  : Starting Servlet engine: [Apache Tomcat/9.0.56]
2023-07-09 00:49:20.800  INFO 20916 --- [main] o.a.c.c.C.[Tomcat].[localhost].[/]       : Initializing Spring embedded WebApplicationContext
2023-07-09 00:49:20.800  INFO 20916 --- [main] w.s.c.ServletWebServerApplicationContext : Root WebApplicationContext: initialization completed in 920 ms
2023-07-09 00:49:21.163  INFO 20916 --- [main] o.s.b.a.w.s.WelcomePageHandlerMapping    : Adding welcome page template: index
2023-07-09 00:49:21.525  INFO 20916 --- [main] o.s.s.web.DefaultSecurityFilterChain     : Will secure any request with [org.springframework.security.web.context.request.async.WebAsyncManagerIntegrationFilter@646c0a67, org.springframework.security.web.context.SecurityContextPersistenceFilter@65bdd558, org.springframework.security.web.header.HeaderWriterFilter@730f9695, org.springframework.security.web.csrf.CsrfFilter@1e469dfd, org.springframework.security.web.authentication.logout.LogoutFilter@4760f169, org.springframework.security.web.authentication.UsernamePasswordAuthenticationFilter@4c6007fb, org.springframework.security.web.savedrequest.RequestCacheAwareFilter@4beaf6bd, org.springframework.security.web.servletapi.SecurityContextHolderAwareRequestFilter@587a1cfb, org.springframework.security.web.authentication.rememberme.RememberMeAuthenticationFilter@623dcf2a, org.springframework.security.web.authentication.AnonymousAuthenticationFilter@3804a9a8, org.springframework.security.web.session.SessionManagementFilter@fab35b1, org.springframework.security.web.access.ExceptionTranslationFilter@34d52ecd, org.springframework.security.web.access.intercept.FilterSecurityInterceptor@122d6c22]
2023-07-09 00:49:21.604  INFO 20916 --- [main] o.s.b.w.embedded.tomcat.TomcatWebServer  : Tomcat started on port(s): 80 (http) with context path ''
2023-07-09 00:49:21.615  INFO 20916 --- [main] c.e.s.SpringbootTestApplication          : Started SpringbootTestApplication in 2.326 seconds (JVM running for 3.115)
2023-07-09 00:49:34.173  INFO 18876 --- [main] c.e.s.SpringbootTestApplication          : Starting SpringbootTestApplication using Java 1.8.0_212 on DESKTOP-6C7DB78 with PID 18876 (F:\Developer\java教程\JavaEE\Springboot\SpringbootTest\target\classes started by JayHsu in F:\Developer\java教程\JavaEE\Springboot\SpringbootTest)
2023-07-09 00:49:34.175  INFO 18876 --- [main] c.e.s.SpringbootTestApplication          : The following profiles are active: dev
2023-07-09 00:49:34.840  INFO 18876 --- [main] o.s.b.w.embedded.tomcat.TomcatWebServer  : Tomcat initialized with port(s): 8080 (http)
2023-07-09 00:49:34.845  INFO 18876 --- [main] o.apache.catalina.core.StandardService   : Starting service [Tomcat]
2023-07-09 00:49:34.845  INFO 18876 --- [main] org.apache.catalina.core.StandardEngine  : Starting Servlet engine: [Apache Tomcat/9.0.56]
2023-07-09 00:49:34.891  INFO 18876 --- [main] o.a.c.c.C.[Tomcat].[localhost].[/]       : Initializing Spring embedded WebApplicationContext
2023-07-09 00:49:34.891  INFO 18876 --- [main] w.s.c.ServletWebServerApplicationContext : Root WebApplicationContext: initialization completed in 686 ms
2023-07-09 00:49:35.129  INFO 18876 --- [main] o.s.b.a.w.s.WelcomePageHandlerMapping    : Adding welcome page template: index
2023-07-09 00:49:35.311  INFO 18876 --- [main] o.s.s.web.DefaultSecurityFilterChain     : Will secure any request with [org.springframework.security.web.context.request.async.WebAsyncManagerIntegrationFilter@7e74a380, org.springframework.security.web.context.SecurityContextPersistenceFilter@3374b5bc, org.springframework.security.web.header.HeaderWriterFilter@4beaf6bd, org.springframework.security.web.csrf.CsrfFilter@6a472566, org.springframework.security.web.authentication.logout.LogoutFilter@4ac86d6a, org.springframework.security.web.authentication.UsernamePasswordAuthenticationFilter@68a4dcc6, org.springframework.security.web.savedrequest.RequestCacheAwareFilter@587a1cfb, org.springframework.security.web.servletapi.SecurityContextHolderAwareRequestFilter@22587507, org.springframework.security.web.authentication.rememberme.RememberMeAuthenticationFilter@117525fe, org.springframework.security.web.authentication.AnonymousAuthenticationFilter@6dd1c3ed, org.springframework.security.web.session.SessionManagementFilter@60325987, org.springframework.security.web.access.ExceptionTranslationFilter@fab35b1, org.springframework.security.web.access.intercept.FilterSecurityInterceptor@6edcad64]
2023-07-09 00:49:35.348  INFO 18876 --- [main] o.s.b.w.embedded.tomcat.TomcatWebServer  : Tomcat started on port(s): 8080 (http) with context path ''
2023-07-09 00:49:35.355  INFO 18876 --- [main] c.e.s.SpringbootTestApplication          : Started SpringbootTestApplication in 1.556 seconds (JVM running for 2.09)
2023-07-09 00:50:29.654  INFO 9592 --- [main] c.e.s.SpringbootTestApplication          : Starting SpringbootTestApplication using Java 1.8.0_212 on DESKTOP-6C7DB78 with PID 9592 (F:\Developer\java教程\JavaEE\Springboot\SpringbootTest\target\classes started by JayHsu in F:\Developer\java教程\JavaEE\Springboot\SpringbootTest)
2023-07-09 00:50:29.657  INFO 9592 --- [main] c.e.s.SpringbootTestApplication          : The following profiles are active: dev
2023-07-09 00:50:30.643  INFO 9592 --- [main] o.s.b.w.embedded.tomcat.TomcatWebServer  : Tomcat initialized with port(s): 8080 (http)
2023-07-09 00:50:30.654  INFO 9592 --- [main] o.apache.catalina.core.StandardService   : Starting service [Tomcat]
2023-07-09 00:50:30.654  INFO 9592 --- [main] org.apache.catalina.core.StandardEngine  : Starting Servlet engine: [Apache Tomcat/9.0.56]
2023-07-09 00:50:30.729  INFO 9592 --- [main] o.a.c.c.C.[Tomcat].[localhost].[/]       : Initializing Spring embedded WebApplicationContext
2023-07-09 00:50:30.729  INFO 9592 --- [main] w.s.c.ServletWebServerApplicationContext : Root WebApplicationContext: initialization completed in 1000 ms
2023-07-09 00:50:31.147  INFO 9592 --- [main] o.s.b.a.w.s.WelcomePageHandlerMapping    : Adding welcome page template: index
2023-07-09 00:50:31.690  INFO 9592 --- [main] o.s.s.web.DefaultSecurityFilterChain     : Will secure any request with [org.springframework.security.web.context.request.async.WebAsyncManagerIntegrationFilter@6edcad64, org.springframework.security.web.context.SecurityContextPersistenceFilter@34d52ecd, org.springframework.security.web.header.HeaderWriterFilter@2d9dff65, org.springframework.security.web.csrf.CsrfFilter@b606cb6, org.springframework.security.web.authentication.logout.LogoutFilter@146dcfe6, org.springframework.security.web.authentication.UsernamePasswordAuthenticationFilter@cdb2d95, org.springframework.security.web.savedrequest.RequestCacheAwareFilter@14b789f6, org.springframework.security.web.servletapi.SecurityContextHolderAwareRequestFilter@65bdd558, org.springframework.security.web.authentication.rememberme.RememberMeAuthenticationFilter@5df778c3, org.springframework.security.web.authentication.AnonymousAuthenticationFilter@4c6007fb, org.springframework.security.web.session.SessionManagementFilter@5633ed82, org.springframework.security.web.access.ExceptionTranslationFilter@1907874b, org.springframework.security.web.access.intercept.FilterSecurityInterceptor@54e3658c]
2023-07-09 00:50:31.773  INFO 9592 --- [main] o.s.b.w.embedded.tomcat.TomcatWebServer  : Tomcat started on port(s): 8080 (http) with context path ''
2023-07-09 00:50:31.788  INFO 9592 --- [main] c.e.s.SpringbootTestApplication          : Started SpringbootTestApplication in 2.664 seconds (JVM running for 3.4)
2023-07-09 00:56:27.382  INFO 6560 --- [main] c.e.s.SpringbootTestApplication          : Starting SpringbootTestApplication using Java 1.8.0_212 on DESKTOP-6C7DB78 with PID 6560 (F:\Developer\java教程\JavaEE\Springboot\SpringbootTest\target\classes started by JayHsu in F:\Developer\java教程\JavaEE\Springboot\SpringbootTest)
2023-07-09 00:56:27.384  INFO 6560 --- [main] c.e.s.SpringbootTestApplication          : The following profiles are active: dev
2023-07-09 00:56:28.062  INFO 6560 --- [main] o.s.b.w.embedded.tomcat.TomcatWebServer  : Tomcat initialized with port(s): 8080 (http)
2023-07-09 00:56:28.067  INFO 6560 --- [main] o.apache.catalina.core.StandardService   : Starting service [Tomcat]
2023-07-09 00:56:28.068  INFO 6560 --- [main] org.apache.catalina.core.StandardEngine  : Starting Servlet engine: [Apache Tomcat/9.0.56]
2023-07-09 00:56:28.114  INFO 6560 --- [main] o.a.c.c.C.[Tomcat].[localhost].[/]       : Initializing Spring embedded WebApplicationContext
2023-07-09 00:56:28.114  INFO 6560 --- [main] w.s.c.ServletWebServerApplicationContext : Root WebApplicationContext: initialization completed in 702 ms
2023-07-09 00:56:28.352  INFO 6560 --- [main] o.s.b.a.w.s.WelcomePageHandlerMapping    : Adding welcome page template: index
2023-07-09 00:56:28.531  INFO 6560 --- [main] o.s.s.web.DefaultSecurityFilterChain     : Will secure any request with [org.springframework.security.web.context.request.async.WebAsyncManagerIntegrationFilter@3804a9a8, org.springframework.security.web.context.SecurityContextPersistenceFilter@1dba4e06, org.springframework.security.web.header.HeaderWriterFilter@277bf091, org.springframework.security.web.csrf.CsrfFilter@554f0dfb, org.springframework.security.web.authentication.logout.LogoutFilter@261ea657, org.springframework.security.web.authentication.UsernamePasswordAuthenticationFilter@3e33d73e, org.springframework.security.web.savedrequest.RequestCacheAwareFilter@6b2e46af, org.springframework.security.web.servletapi.SecurityContextHolderAwareRequestFilter@48528634, org.springframework.security.web.authentication.rememberme.RememberMeAuthenticationFilter@2eae4349, org.springframework.security.web.authentication.AnonymousAuthenticationFilter@117525fe, org.springframework.security.web.session.SessionManagementFilter@6a094db2, org.springframework.security.web.access.ExceptionTranslationFilter@5d21202d, org.springframework.security.web.access.intercept.FilterSecurityInterceptor@2f5ac102]
2023-07-09 00:56:28.569  INFO 6560 --- [main] o.s.b.w.embedded.tomcat.TomcatWebServer  : Tomcat started on port(s): 8080 (http) with context path ''
2023-07-09 00:56:28.576  INFO 6560 --- [main] c.e.s.SpringbootTestApplication          : Started SpringbootTestApplication in 1.602 seconds (JVM running for 2.287)
2023-07-09 17:57:54.594  INFO 1660 --- [main] c.e.s.SpringbootTestApplicationTests     : Starting SpringbootTestApplicationTests using Java 1.8.0_212 on DESKTOP-6C7DB78 with PID 1660 (started by JayHsu in F:\Developer\java̳\JavaEE\Springboot\SpringbootTest)
2023-07-09 17:57:54.595  INFO 1660 --- [main] c.e.s.SpringbootTestApplicationTests     : The following profiles are active: dev
2023-07-09 17:57:56.061  INFO 1660 --- [main] o.s.b.a.w.s.WelcomePageHandlerMapping    : Adding welcome page template: index
2023-07-09 17:57:56.870  INFO 1660 --- [main] o.s.s.web.DefaultSecurityFilterChain     : Will secure any request with [org.springframework.security.web.context.request.async.WebAsyncManagerIntegrationFilter@12ad1b2a, org.springframework.security.web.context.SecurityContextPersistenceFilter@5dc0ff7d, org.springframework.security.web.header.HeaderWriterFilter@340d6d89, org.springframework.security.web.csrf.CsrfFilter@12f49ca8, org.springframework.security.web.authentication.logout.LogoutFilter@45aca496, org.springframework.security.web.authentication.UsernamePasswordAuthenticationFilter@4976085, org.springframework.security.web.savedrequest.RequestCacheAwareFilter@59a79443, org.springframework.security.web.servletapi.SecurityContextHolderAwareRequestFilter@2b38b1f, org.springframework.security.web.authentication.rememberme.RememberMeAuthenticationFilter@1192b58e, org.springframework.security.web.authentication.AnonymousAuthenticationFilter@3134153d, org.springframework.security.web.session.SessionManagementFilter@443faa85, org.springframework.security.web.access.ExceptionTranslationFilter@480b57e2, org.springframework.security.web.access.intercept.FilterSecurityInterceptor@dd2856e]
2023-07-09 17:57:56.968  INFO 1660 --- [main] c.e.s.SpringbootTestApplicationTests     : Started SpringbootTestApplicationTests in 2.706 seconds (JVM running for 3.528)
